[{"line":2,"elements":[{"start_timestamp":"2025-11-16T18:48:13.661Z","before":[{"result":{"duration":14981715660,"status":"passed"},"match":{"location":"stepDefinitions.Hooks.setUp()"}}],"line":8,"name":"Add minimum quantity item from Today’s Deals","description":"","id":"amazon-shopping-workflows;add-minimum-quantity-item-from-today’s-deals","after":[{"result":{"error_message":"org.openqa.selenium.NoSuchSessionException: Session ID is null. Using WebDriver after calling quit()?\nBuild info: version: '4.23.0', revision: '4df0a231af'\nSystem info: os.name: 'Linux', os.arch: 'amd64', os.version: '6.14.0-33-generic', java.version: '21.0.8'\nDriver info: org.openqa.selenium.chrome.ChromeDriver\nCommand: [null, screenshot {}]\nCapabilities {acceptInsecureCerts: false, browserName: chrome, browserVersion: 141.0.7390.65, chrome: {chromedriverVersion: 141.0.7390.122 (b477534e7e1..., userDataDir: /tmp/.org.chromium.Chromium...}, fedcm:accounts: true, goog:chromeOptions: {debuggerAddress: localhost:35843}, networkConnectionEnabled: false, pageLoadStrategy: normal, platformName: linux, proxy: Proxy(), se:cdp: ws://localhost:35843/devtoo..., se:cdpVersion: 141.0.7390.65, setWindowRect: true, strictFileInteractability: false, timeouts: {implicit: 0, pageLoad: 300000, script: 30000}, unhandledPromptBehavior: dismiss and notify, webauthn:extension:credBlob: true, webauthn:extension:largeBlob: true, webauthn:extension:minPinLength: true, webauthn:extension:prf: true, webauthn:virtualAuthenticators: true}\n\tat org.openqa.selenium.remote.HttpCommandExecutor.execute(HttpCommandExecutor.java:151)\n\tat org.openqa.selenium.remote.service.DriverCommandExecutor.invokeExecute(DriverCommandExecutor.java:216)\n\tat org.openqa.selenium.remote.service.DriverCommandExecutor.execute(DriverCommandExecutor.java:174)\n\tat org.openqa.selenium.remote.RemoteWebDriver.execute(RemoteWebDriver.java:527)\n\tat org.openqa.selenium.remote.RemoteWebDriver.execute(RemoteWebDriver.java:600)\n\tat org.openqa.selenium.remote.RemoteWebDriver.execute(RemoteWebDriver.java:604)\n\tat org.openqa.selenium.remote.RemoteWebDriver.getScreenshotAs(RemoteWebDriver.java:323)\n\tat stepDefinitions.Hooks.tearDown(Hooks.java:28)\n","duration":502107,"status":"failed"},"match":{"location":"stepDefinitions.Hooks.tearDown(io.cucumber.java.Scenario)"}}],"type":"scenario","keyword":"Scenario","steps":[{"result":{"duration":45468309659,"status":"passed"},"line":9,"name":"I open Amazon.in","match":{"location":"stepDefinitions.AmazonSteps.i_open_amazon_in()"},"keyword":"Given "},{"result":{"error_message":"org.openqa.selenium.NoSuchElementException: no such element: Unable to locate element: {\"method\":\"link text\",\"selector\":\"Today’s Deals\"}\n  (Session info: chrome=141.0.7390.65)\nFor documentation on this error, please visit: https://www.selenium.dev/documentation/webdriver/troubleshooting/errors#no-such-element-exception\nBuild info: version: '4.23.0', revision: '4df0a231af'\nSystem info: os.name: 'Linux', os.arch: 'amd64', os.version: '6.14.0-33-generic', java.version: '21.0.8'\nDriver info: org.openqa.selenium.chrome.ChromeDriver\nCommand: [e747d8043f24c4e11e0fa600c283ee0f, findElement {using=link text, value=Today’s Deals}]\nCapabilities {acceptInsecureCerts: false, browserName: chrome, browserVersion: 141.0.7390.65, chrome: {chromedriverVersion: 141.0.7390.122 (b477534e7e1..., userDataDir: /tmp/.org.chromium.Chromium...}, fedcm:accounts: true, goog:chromeOptions: {debuggerAddress: localhost:33405}, networkConnectionEnabled: false, pageLoadStrategy: normal, platformName: linux, proxy: Proxy(), se:cdp: ws://localhost:33405/devtoo..., se:cdpVersion: 141.0.7390.65, setWindowRect: true, strictFileInteractability: false, timeouts: {implicit: 0, pageLoad: 300000, script: 30000}, unhandledPromptBehavior: dismiss and notify, webauthn:extension:credBlob: true, webauthn:extension:largeBlob: true, webauthn:extension:minPinLength: true, webauthn:extension:prf: true, webauthn:virtualAuthenticators: true}\nSession ID: e747d8043f24c4e11e0fa600c283ee0f\n\tat java.base/jdk.internal.reflect.DirectConstructorHandleAccessor.newInstance(DirectConstructorHandleAccessor.java:62)\n\tat java.base/java.lang.reflect.Constructor.newInstanceWithCaller(Constructor.java:502)\n\tat java.base/java.lang.reflect.Constructor.newInstance(Constructor.java:486)\n\tat org.openqa.selenium.remote.ErrorCodec.decode(ErrorCodec.java:167)\n\tat org.openqa.selenium.remote.codec.w3c.W3CHttpResponseCodec.decode(W3CHttpResponseCodec.java:138)\n\tat org.openqa.selenium.remote.codec.w3c.W3CHttpResponseCodec.decode(W3CHttpResponseCodec.java:50)\n\tat org.openqa.selenium.remote.HttpCommandExecutor.execute(HttpCommandExecutor.java:190)\n\tat org.openqa.selenium.remote.service.DriverCommandExecutor.invokeExecute(DriverCommandExecutor.java:216)\n\tat org.openqa.selenium.remote.service.DriverCommandExecutor.execute(DriverCommandExecutor.java:174)\n\tat org.openqa.selenium.remote.RemoteWebDriver.execute(RemoteWebDriver.java:527)\n\tat org.openqa.selenium.remote.ElementLocation$ElementFinder$2.findElement(ElementLocation.java:165)\n\tat org.openqa.selenium.remote.ElementLocation.findElement(ElementLocation.java:59)\n\tat org.openqa.selenium.remote.RemoteWebDriver.findElement(RemoteWebDriver.java:357)\n\tat org.openqa.selenium.remote.RemoteWebDriver.findElement(RemoteWebDriver.java:351)\n\tat stepDefinitions.AmazonSteps.i_click_on(AmazonSteps.java:24)\n\tat ✽.I click on \"Today’s Deals\"(file:///home/vrsp/Downloads/BDD_Amazon_Project/src/test/resources/features/amazon_tests.feature:10)\n","duration":157863067,"status":"failed"},"line":10,"name":"I click on \"Today’s Deals\"","match":{"arguments":[{"val":"\"Today’s Deals\"","offset":11}],"location":"stepDefinitions.AmazonSteps.i_click_on(java.lang.String)"},"keyword":"When "},{"result":{"duration":53102,"status":"skipped"},"line":11,"name":"I select the 3rd deal","match":{"arguments":[{"val":"3","offset":13}],"location":"stepDefinitions.AmazonSteps.i_select_the_deal(int)"},"keyword":"And "},{"result":{"duration":37001,"status":"skipped"},"line":12,"name":"I add the minimum required quantity of the item to the cart","match":{"location":"stepDefinitions.AmazonSteps.i_add_min_quantity()"},"keyword":"And "},{"result":{"duration":36791,"status":"skipped"},"line":13,"name":"the cart should display the expected quantity","match":{"location":"stepDefinitions.AmazonSteps.verify_cart_quantity()"},"keyword":"Then "}],"tags":[{"name":"@amazon"},{"name":"@smoke"},{"name":"@nologin"}]},{"start_timestamp":"2025-11-16T18:48:13.661Z","before":[{"result":{"duration":14717985555,"status":"passed"},"match":{"location":"stepDefinitions.Hooks.setUp()"}}],"line":16,"name":"Retrieve last displayed mobile details","description":"","id":"amazon-shopping-workflows;retrieve-last-displayed-mobile-details","after":[{"result":{"error_message":"org.openqa.selenium.NoSuchSessionException: Session ID is null. Using WebDriver after calling quit()?\nBuild info: version: '4.23.0', revision: '4df0a231af'\nSystem info: os.name: 'Linux', os.arch: 'amd64', os.version: '6.14.0-33-generic', java.version: '21.0.8'\nDriver info: org.openqa.selenium.chrome.ChromeDriver\nCommand: [null, screenshot {}]\nCapabilities {acceptInsecureCerts: false, browserName: chrome, browserVersion: 141.0.7390.65, chrome: {chromedriverVersion: 141.0.7390.122 (b477534e7e1..., userDataDir: /tmp/.org.chromium.Chromium...}, fedcm:accounts: true, goog:chromeOptions: {debuggerAddress: localhost:35843}, networkConnectionEnabled: false, pageLoadStrategy: normal, platformName: linux, proxy: Proxy(), se:cdp: ws://localhost:35843/devtoo..., se:cdpVersion: 141.0.7390.65, setWindowRect: true, strictFileInteractability: false, timeouts: {implicit: 0, pageLoad: 300000, script: 30000}, unhandledPromptBehavior: dismiss and notify, webauthn:extension:credBlob: true, webauthn:extension:largeBlob: true, webauthn:extension:minPinLength: true, webauthn:extension:prf: true, webauthn:virtualAuthenticators: true}\n\tat org.openqa.selenium.remote.HttpCommandExecutor.execute(HttpCommandExecutor.java:151)\n\tat org.openqa.selenium.remote.service.DriverCommandExecutor.invokeExecute(DriverCommandExecutor.java:216)\n\tat org.openqa.selenium.remote.service.DriverCommandExecutor.execute(DriverCommandExecutor.java:174)\n\tat org.openqa.selenium.remote.RemoteWebDriver.execute(RemoteWebDriver.java:527)\n\tat org.openqa.selenium.remote.RemoteWebDriver.execute(RemoteWebDriver.java:600)\n\tat org.openqa.selenium.remote.RemoteWebDriver.execute(RemoteWebDriver.java:604)\n\tat org.openqa.selenium.remote.RemoteWebDriver.getScreenshotAs(RemoteWebDriver.java:323)\n\tat stepDefinitions.Hooks.tearDown(Hooks.java:28)\n","duration":684027,"status":"failed"},"match":{"location":"stepDefinitions.Hooks.tearDown(io.cucumber.java.Scenario)"}}],"type":"scenario","keyword":"Scenario","steps":[{"result":{"error_message":"org.openqa.selenium.NoSuchSessionException: invalid session id: session deleted as the browser has closed the connection\nfrom disconnected: not connected to DevTools\n  (Session info: chrome=141.0.7390.65)\nBuild info: version: '4.23.0', revision: '4df0a231af'\nSystem info: os.name: 'Linux', os.arch: 'amd64', os.version: '6.14.0-33-generic', java.version: '21.0.8'\nDriver info: org.openqa.selenium.chrome.ChromeDriver\nCommand: [196bb040639f344083c3c2f974b2ab10, get {url=https://www.amazon.in/}]\nCapabilities {acceptInsecureCerts: false, browserName: chrome, browserVersion: 141.0.7390.65, chrome: {chromedriverVersion: 141.0.7390.122 (b477534e7e1..., userDataDir: /tmp/.org.chromium.Chromium...}, fedcm:accounts: true, goog:chromeOptions: {debuggerAddress: localhost:39859}, networkConnectionEnabled: false, pageLoadStrategy: normal, platformName: linux, proxy: Proxy(), se:cdp: ws://localhost:39859/devtoo..., se:cdpVersion: 141.0.7390.65, setWindowRect: true, strictFileInteractability: false, timeouts: {implicit: 0, pageLoad: 300000, script: 30000}, unhandledPromptBehavior: dismiss and notify, webauthn:extension:credBlob: true, webauthn:extension:largeBlob: true, webauthn:extension:minPinLength: true, webauthn:extension:prf: true, webauthn:virtualAuthenticators: true}\nSession ID: 196bb040639f344083c3c2f974b2ab10\n\tat java.base/jdk.internal.reflect.DirectConstructorHandleAccessor.newInstance(DirectConstructorHandleAccessor.java:62)\n\tat java.base/java.lang.reflect.Constructor.newInstanceWithCaller(Constructor.java:502)\n\tat java.base/java.lang.reflect.Constructor.newInstance(Constructor.java:486)\n\tat org.openqa.selenium.remote.ErrorCodec.decode(ErrorCodec.java:167)\n\tat org.openqa.selenium.remote.codec.w3c.W3CHttpResponseCodec.decode(W3CHttpResponseCodec.java:138)\n\tat org.openqa.selenium.remote.codec.w3c.W3CHttpResponseCodec.decode(W3CHttpResponseCodec.java:50)\n\tat org.openqa.selenium.remote.HttpCommandExecutor.execute(HttpCommandExecutor.java:190)\n\tat org.openqa.selenium.remote.service.DriverCommandExecutor.invokeExecute(DriverCommandExecutor.java:216)\n\tat org.openqa.selenium.remote.service.DriverCommandExecutor.execute(DriverCommandExecutor.java:174)\n\tat org.openqa.selenium.remote.RemoteWebDriver.execute(RemoteWebDriver.java:527)\n\tat org.openqa.selenium.remote.RemoteWebDriver.get(RemoteWebDriver.java:302)\n\tat stepDefinitions.AmazonSteps.i_open_amazon_in(AmazonSteps.java:19)\n\tat ✽.I open Amazon.in(file:///home/vrsp/Downloads/BDD_Amazon_Project/src/test/resources/features/amazon_tests.feature:17)\n","duration":51792556136,"status":"failed"},"line":17,"name":"I open Amazon.in","match":{"location":"stepDefinitions.AmazonSteps.i_open_amazon_in()"},"keyword":"Given "},{"result":{"duration":99933,"status":"skipped"},"line":18,"name":"I search for \"Mobiles\"","match":{"arguments":[{"val":"\"Mobiles\"","offset":13}],"location":"stepDefinitions.AmazonSteps.i_search_for(java.lang.String)"},"keyword":"When "},{"result":{"duration":59645,"status":"skipped"},"line":19,"name":"I scroll down to the last displayed item","match":{"location":"stepDefinitions.AmazonSteps.i_scroll_to_last_item()"},"keyword":"And "},{"result":{"duration":60657,"status":"skipped"},"line":20,"name":"I should see the details of the last mobile item","match":{"location":"stepDefinitions.AmazonSteps.verify_last_item_details()"},"keyword":"Then "}],"tags":[{"name":"@amazon"},{"name":"@regression"},{"name":"@nologin"}]},{"start_timestamp":"2025-11-16T18:48:13.679Z","before":[{"result":{"duration":14769196047,"status":"passed"},"match":{"location":"stepDefinitions.Hooks.setUp()"}}],"line":31,"name":"Verify first item delivery date with Prime","description":"","id":"amazon-shopping-workflows;verify-first-item-delivery-date-with-prime","after":[{"result":{"error_message":"org.openqa.selenium.WebDriverException: Timed out waiting for driver server to stop.\nBuild info: version: '4.23.0', revision: '4df0a231af'\nSystem info: os.name: 'Linux', os.arch: 'amd64', os.version: '6.14.0-33-generic', java.version: '21.0.8'\nDriver info: org.openqa.selenium.chrome.ChromeDriver\nCommand: [0c7ac9264984f6c69fd45d440ca28dc0, quit {}]\nCapabilities {acceptInsecureCerts: false, browserName: chrome, browserVersion: 141.0.7390.65, chrome: {chromedriverVersion: 141.0.7390.122 (b477534e7e1..., userDataDir: /tmp/.org.chromium.Chromium...}, fedcm:accounts: true, goog:chromeOptions: {debuggerAddress: localhost:41669}, networkConnectionEnabled: false, pageLoadStrategy: normal, platformName: linux, proxy: Proxy(), se:cdp: ws://localhost:41669/devtoo..., se:cdpVersion: 141.0.7390.65, setWindowRect: true, strictFileInteractability: false, timeouts: {implicit: 0, pageLoad: 300000, script: 30000}, unhandledPromptBehavior: dismiss and notify, webauthn:extension:credBlob: true, webauthn:extension:largeBlob: true, webauthn:extension:minPinLength: true, webauthn:extension:prf: true, webauthn:virtualAuthenticators: true}\nSession ID: 0c7ac9264984f6c69fd45d440ca28dc0\n\tat org.openqa.selenium.remote.service.DriverCommandExecutor.execute(DriverCommandExecutor.java:164)\n\tat org.openqa.selenium.remote.RemoteWebDriver.execute(RemoteWebDriver.java:527)\n\tat org.openqa.selenium.remote.RemoteWebDriver.execute(RemoteWebDriver.java:600)\n\tat org.openqa.selenium.remote.RemoteWebDriver.execute(RemoteWebDriver.java:604)\n\tat org.openqa.selenium.remote.RemoteWebDriver.quit(RemoteWebDriver.java:435)\n\tat org.openqa.selenium.chromium.ChromiumDriver.quit(ChromiumDriver.java:435)\n\tat stepDefinitions.Hooks.tearDown(Hooks.java:35)\nCaused by: java.util.concurrent.ExecutionException: java.lang.NullPointerException: Cannot invoke \"java.net.http.HttpClient.sendAsync(java.net.http.HttpRequest, java.net.http.HttpResponse$BodyHandler)\" because \"this.client\" is null\n\tat java.base/java.util.concurrent.CompletableFuture.reportGet(CompletableFuture.java:396)\n\tat java.base/java.util.concurrent.CompletableFuture.get(CompletableFuture.java:2096)\n\tat org.openqa.selenium.remote.service.DriverCommandExecutor.execute(DriverCommandExecutor.java:160)\n\tat org.openqa.selenium.remote.RemoteWebDriver.execute(RemoteWebDriver.java:527)\n\tat org.openqa.selenium.remote.RemoteWebDriver.execute(RemoteWebDriver.java:600)\n\tat org.openqa.selenium.remote.RemoteWebDriver.execute(RemoteWebDriver.java:604)\n\tat org.openqa.selenium.remote.RemoteWebDriver.quit(RemoteWebDriver.java:435)\n\tat org.openqa.selenium.chromium.ChromiumDriver.quit(ChromiumDriver.java:435)\n\tat stepDefinitions.Hooks.tearDown(Hooks.java:35)\n\tat java.base/jdk.internal.reflect.DirectMethodHandleAccessor.invoke(DirectMethodHandleAccessor.java:103)\n\tat java.base/java.lang.reflect.Method.invoke(Method.java:580)\n\tat io.cucumber.java.Invoker.doInvoke(Invoker.java:66)\n\tat io.cucumber.java.Invoker.invoke(Invoker.java:24)\n\tat io.cucumber.java.AbstractGlueDefinition.invokeMethod(AbstractGlueDefinition.java:47)\n\tat io.cucumber.java.JavaHookDefinition.execute(JavaHookDefinition.java:64)\n\tat io.cucumber.core.runner.CoreHookDefinition.execute(CoreHookDefinition.java:46)\n\tat io.cucumber.core.runner.HookDefinitionMatch.runStep(HookDefinitionMatch.java:21)\n\tat io.cucumber.core.runner.ExecutionMode$1.execute(ExecutionMode.java:10)\n\tat io.cucumber.core.runner.TestStep.executeStep(TestStep.java:84)\n\tat io.cucumber.core.runner.TestStep.run(TestStep.java:56)\n\tat io.cucumber.core.runner.TestCase.run(TestCase.java:90)\n\tat io.cucumber.core.runner.Runner.runPickle(Runner.java:75)\n\tat io.cucumber.testng.TestNGCucumberRunner.lambda$runScenario$1(TestNGCucumberRunner.java:132)\n\tat io.cucumber.core.runtime.CucumberExecutionContext.lambda$runTestCase$5(CucumberExecutionContext.java:137)\n\tat io.cucumber.core.runtime.RethrowingThrowableCollector.executeAndThrow(RethrowingThrowableCollector.java:23)\n\tat io.cucumber.core.runtime.CucumberExecutionContext.runTestCase(CucumberExecutionContext.java:137)\n\tat io.cucumber.testng.TestNGCucumberRunner.runScenario(TestNGCucumberRunner.java:129)\n\tat io.cucumber.testng.AbstractTestNGCucumberTests.runScenario(AbstractTestNGCucumberTests.java:35)\n\tat java.base/jdk.internal.reflect.DirectMethodHandleAccessor.invoke(DirectMethodHandleAccessor.java:103)\n\tat java.base/java.lang.reflect.Method.invoke(Method.java:580)\n\tat org.testng.internal.invokers.MethodInvocationHelper.invokeMethod(MethodInvocationHelper.java:139)\n\tat org.testng.internal.invokers.TestInvoker.invokeMethod(TestInvoker.java:664)\n\tat org.testng.internal.invokers.TestInvoker.invokeTestMethod(TestInvoker.java:227)\n\tat org.testng.internal.invokers.TestMethodWithDataProviderMethodWorker.call(TestMethodWithDataProviderMethodWorker.java:80)\n\tat org.testng.internal.invokers.TestMethodWithDataProviderMethodWorker.call(TestMethodWithDataProviderMethodWorker.java:17)\n\tat java.base/java.util.concurrent.FutureTask.run(FutureTask.java:317)\n\tat java.base/java.util.concurrent.Executors$RunnableAdapter.call(Executors.java:572)\n\tat java.base/java.util.concurrent.FutureTask.run(FutureTask.java:317)\n\tat java.base/java.util.concurrent.ThreadPoolExecutor.runWorker(ThreadPoolExecutor.java:1144)\n\tat java.base/java.util.concurrent.ThreadPoolExecutor$Worker.run(ThreadPoolExecutor.java:642)\n\tat java.base/java.lang.Thread.run(Thread.java:1583)\nCaused by: java.lang.NullPointerException: Cannot invoke \"java.net.http.HttpClient.sendAsync(java.net.http.HttpRequest, java.net.http.HttpResponse$BodyHandler)\" because \"this.client\" is null\n\tat org.openqa.selenium.remote.http.jdk.JdkHttpClient.execute0(JdkHttpClient.java:379)\n\tat org.openqa.selenium.remote.http.AddSeleniumUserAgent.lambda$apply$0(AddSeleniumUserAgent.java:42)\n\tat org.openqa.selenium.remote.http.Filter.lambda$andFinally$1(Filter.java:55)\n\tat org.openqa.selenium.remote.http.jdk.JdkHttpClient.execute(JdkHttpClient.java:355)\n\tat org.openqa.selenium.remote.HttpCommandExecutor.execute(HttpCommandExecutor.java:187)\n\tat org.openqa.selenium.remote.service.DriverCommandExecutor.invokeExecute(DriverCommandExecutor.java:216)\n\tat org.openqa.selenium.remote.service.DriverCommandExecutor.lambda$execute$1(DriverCommandExecutor.java:126)\n\tat java.base/java.util.concurrent.CompletableFuture$AsyncSupply.run(CompletableFuture.java:1768)\n\t... 3 more\n","duration":126918740,"status":"failed"},"match":{"location":"stepDefinitions.Hooks.tearDown(io.cucumber.java.Scenario)"}}],"type":"scenario","keyword":"Scenario","steps":[{"result":{"status":"undefined"},"line":32,"name":"I am logged in to Amazon.in","match":{},"keyword":"Given "},{"result":{"duration":86196,"status":"skipped"},"line":33,"name":"I select the \"Amazon Prime Delivery\" checkbox","match":{},"keyword":"When "},{"result":{"duration":94191,"status":"skipped"},"line":34,"name":"I view the first displayed item","match":{},"keyword":"And "},{"result":{"duration":232047,"status":"skipped"},"line":35,"name":"I should see the delivery date for that item","match":{},"keyword":"Then "}],"tags":[{"name":"@amazon"},{"name":"@smoke"},{"name":"@login"}]},{"start_timestamp":"2025-11-16T18:48:13.678Z","before":[{"result":{"duration":15823040965,"status":"passed"},"match":{"location":"stepDefinitions.Hooks.setUp()"}}],"line":38,"name":"Verify delivery status of an order","description":"","id":"amazon-shopping-workflows;verify-delivery-status-of-an-order","after":[{"result":{"duration":206648215,"status":"passed"},"match":{"location":"stepDefinitions.Hooks.tearDown(io.cucumber.java.Scenario)"}}],"type":"scenario","keyword":"Scenario","steps":[{"result":{"status":"undefined"},"line":39,"name":"I am logged in to Amazon.in","match":{},"keyword":"Given "},{"result":{"duration":113088,"status":"skipped"},"line":40,"name":"I check the delivery status of my current orders","match":{},"keyword":"When "},{"result":{"duration":83681,"status":"skipped"},"line":41,"name":"the status should be displayed correctly","match":{},"keyword":"Then "}],"tags":[{"name":"@amazon"},{"name":"@regression"},{"name":"@login"}]},{"start_timestamp":"2025-11-16T18:48:13.677Z","before":[{"result":{"duration":14868579067,"status":"passed"},"match":{"location":"stepDefinitions.Hooks.setUp()"}}],"line":44,"name":"View past one year orders","description":"","id":"amazon-shopping-workflows;view-past-one-year-orders","after":[{"result":{"duration":101604099,"status":"passed"},"match":{"location":"stepDefinitions.Hooks.tearDown(io.cucumber.java.Scenario)"}}],"type":"scenario","keyword":"Scenario","steps":[{"result":{"status":"undefined"},"line":45,"name":"I am logged in to Amazon.in","match":{},"keyword":"Given "},{"result":{"duration":104671,"status":"skipped"},"line":46,"name":"I go to \"Your Orders\"","match":{},"keyword":"When "},{"result":{"duration":80375,"status":"skipped"},"line":47,"name":"I filter by \"Past one year\"","match":{},"keyword":"And "},{"result":{"duration":82439,"status":"skipped"},"line":48,"name":"I should see all orders from the past year","match":{},"keyword":"Then "}],"tags":[{"name":"@amazon"},{"name":"@regression"},{"name":"@login"}]},{"start_timestamp":"2025-11-16T18:48:13.675Z","before":[{"result":{"duration":14669581890,"status":"passed"},"match":{"location":"stepDefinitions.Hooks.setUp()"}}],"line":51,"name":"Add and verify new payment option","description":"","id":"amazon-shopping-workflows;add-and-verify-new-payment-option","after":[{"result":{"duration":203881415,"status":"passed"},"match":{"location":"stepDefinitions.Hooks.tearDown(io.cucumber.java.Scenario)"}}],"type":"scenario","keyword":"Scenario","steps":[{"result":{"status":"undefined"},"line":52,"name":"I am logged in to Amazon.in","match":{},"keyword":"Given "},{"result":{"duration":127135,"status":"skipped"},"line":53,"name":"I add a new payment option","match":{},"keyword":"When "},{"result":{"duration":112687,"status":"skipped"},"line":54,"name":"the new payment option should be listed in my account","match":{},"keyword":"Then "}],"tags":[{"name":"@amazon"},{"name":"@smoke"},{"name":"@login"}]},{"start_timestamp":"2025-11-16T18:48:13.676Z","before":[{"result":{"duration":15369831025,"status":"passed"},"match":{"location":"stepDefinitions.Hooks.setUp()"}}],"line":57,"name":"Add and verify new delivery address","description":"","id":"amazon-shopping-workflows;add-and-verify-new-delivery-address","after":[{"result":{"duration":130327275,"status":"passed"},"match":{"location":"stepDefinitions.Hooks.tearDown(io.cucumber.java.Scenario)"}}],"type":"scenario","keyword":"Scenario","steps":[{"result":{"status":"undefined"},"line":58,"name":"I am logged in to Amazon.in","match":{},"keyword":"Given "},{"result":{"duration":154538,"status":"skipped"},"line":59,"name":"I add a new delivery address","match":{},"keyword":"When "},{"result":{"duration":71879,"status":"skipped"},"line":60,"name":"the new address should be listed in my account","match":{},"keyword":"Then "}],"tags":[{"name":"@amazon"},{"name":"@smoke"},{"name":"@login"}]},{"start_timestamp":"2025-11-16T18:48:13.674Z","before":[{"result":{"duration":14267518860,"status":"passed"},"match":{"location":"stepDefinitions.Hooks.setUp()"}}],"line":63,"name":"Search with invalid keyword","description":"","id":"amazon-shopping-workflows;search-with-invalid-keyword","after":[{"result":{"error_message":"org.openqa.selenium.NoSuchSessionException: Session ID is null. Using WebDriver after calling quit()?\nBuild info: version: '4.23.0', revision: '4df0a231af'\nSystem info: os.name: 'Linux', os.arch: 'amd64', os.version: '6.14.0-33-generic', java.version: '21.0.8'\nDriver info: org.openqa.selenium.chrome.ChromeDriver\nCommand: [null, screenshot {}]\nCapabilities {acceptInsecureCerts: false, browserName: chrome, browserVersion: 141.0.7390.65, chrome: {chromedriverVersion: 141.0.7390.122 (b477534e7e1..., userDataDir: /tmp/.org.chromium.Chromium...}, fedcm:accounts: true, goog:chromeOptions: {debuggerAddress: localhost:35843}, networkConnectionEnabled: false, pageLoadStrategy: normal, platformName: linux, proxy: Proxy(), se:cdp: ws://localhost:35843/devtoo..., se:cdpVersion: 141.0.7390.65, setWindowRect: true, strictFileInteractability: false, timeouts: {implicit: 0, pageLoad: 300000, script: 30000}, unhandledPromptBehavior: dismiss and notify, webauthn:extension:credBlob: true, webauthn:extension:largeBlob: true, webauthn:extension:minPinLength: true, webauthn:extension:prf: true, webauthn:virtualAuthenticators: true}\n\tat org.openqa.selenium.remote.HttpCommandExecutor.execute(HttpCommandExecutor.java:151)\n\tat org.openqa.selenium.remote.service.DriverCommandExecutor.invokeExecute(DriverCommandExecutor.java:216)\n\tat org.openqa.selenium.remote.service.DriverCommandExecutor.execute(DriverCommandExecutor.java:174)\n\tat org.openqa.selenium.remote.RemoteWebDriver.execute(RemoteWebDriver.java:527)\n\tat org.openqa.selenium.remote.RemoteWebDriver.execute(RemoteWebDriver.java:600)\n\tat org.openqa.selenium.remote.RemoteWebDriver.execute(RemoteWebDriver.java:604)\n\tat org.openqa.selenium.remote.RemoteWebDriver.getScreenshotAs(RemoteWebDriver.java:323)\n\tat stepDefinitions.Hooks.tearDown(Hooks.java:28)\n","duration":426812,"status":"failed"},"match":{"location":"stepDefinitions.Hooks.tearDown(io.cucumber.java.Scenario)"}}],"type":"scenario","keyword":"Scenario","steps":[{"result":{"error_message":"org.openqa.selenium.NoSuchSessionException: invalid session id: session deleted as the browser has closed the connection\nfrom disconnected: not connected to DevTools\n  (Session info: chrome=141.0.7390.65)\nBuild info: version: '4.23.0', revision: '4df0a231af'\nSystem info: os.name: 'Linux', os.arch: 'amd64', os.version: '6.14.0-33-generic', java.version: '21.0.8'\nDriver info: org.openqa.selenium.chrome.ChromeDriver\nCommand: [444e640b94eacee872e6a5447251898d, get {url=https://www.amazon.in/}]\nCapabilities {acceptInsecureCerts: false, browserName: chrome, browserVersion: 141.0.7390.65, chrome: {chromedriverVersion: 141.0.7390.122 (b477534e7e1..., userDataDir: /tmp/.org.chromium.Chromium...}, fedcm:accounts: true, goog:chromeOptions: {debuggerAddress: localhost:42123}, networkConnectionEnabled: false, pageLoadStrategy: normal, platformName: linux, proxy: Proxy(), se:cdp: ws://localhost:42123/devtoo..., se:cdpVersion: 141.0.7390.65, setWindowRect: true, strictFileInteractability: false, timeouts: {implicit: 0, pageLoad: 300000, script: 30000}, unhandledPromptBehavior: dismiss and notify, webauthn:extension:credBlob: true, webauthn:extension:largeBlob: true, webauthn:extension:minPinLength: true, webauthn:extension:prf: true, webauthn:virtualAuthenticators: true}\nSession ID: 444e640b94eacee872e6a5447251898d\n\tat java.base/jdk.internal.reflect.DirectConstructorHandleAccessor.newInstance(DirectConstructorHandleAccessor.java:62)\n\tat java.base/java.lang.reflect.Constructor.newInstanceWithCaller(Constructor.java:502)\n\tat java.base/java.lang.reflect.Constructor.newInstance(Constructor.java:486)\n\tat org.openqa.selenium.remote.ErrorCodec.decode(ErrorCodec.java:167)\n\tat org.openqa.selenium.remote.codec.w3c.W3CHttpResponseCodec.decode(W3CHttpResponseCodec.java:138)\n\tat org.openqa.selenium.remote.codec.w3c.W3CHttpResponseCodec.decode(W3CHttpResponseCodec.java:50)\n\tat org.openqa.selenium.remote.HttpCommandExecutor.execute(HttpCommandExecutor.java:190)\n\tat org.openqa.selenium.remote.service.DriverCommandExecutor.invokeExecute(DriverCommandExecutor.java:216)\n\tat org.openqa.selenium.remote.service.DriverCommandExecutor.execute(DriverCommandExecutor.java:174)\n\tat org.openqa.selenium.remote.RemoteWebDriver.execute(RemoteWebDriver.java:527)\n\tat org.openqa.selenium.remote.RemoteWebDriver.get(RemoteWebDriver.java:302)\n\tat stepDefinitions.AmazonSteps.i_open_amazon_in(AmazonSteps.java:19)\n\tat ✽.I open Amazon.in(file:///home/vrsp/Downloads/BDD_Amazon_Project/src/test/resources/features/amazon_tests.feature:64)\n","duration":50620770140,"status":"failed"},"line":64,"name":"I open Amazon.in","match":{"location":"stepDefinitions.AmazonSteps.i_open_amazon_in()"},"keyword":"Given "},{"result":{"duration":43965,"status":"skipped"},"line":65,"name":"I search for \"xyz123invalid\"","match":{"arguments":[{"val":"\"xyz123invalid\"","offset":13}],"location":"stepDefinitions.AmazonSteps.i_search_for(java.lang.String)"},"keyword":"When "},{"result":{"duration":53383,"status":"skipped"},"line":66,"name":"I should see a \"No results found\" message","match":{},"keyword":"Then "}],"tags":[{"name":"@amazon"},{"name":"@negative"},{"name":"@nologin"}]},{"start_timestamp":"2025-11-16T18:48:13.677Z","before":[{"result":{"duration":14745203733,"status":"passed"},"match":{"location":"stepDefinitions.Hooks.setUp()"}}],"line":69,"name":"Fail to add incomplete delivery address","description":"","id":"amazon-shopping-workflows;fail-to-add-incomplete-delivery-address","after":[{"result":{"error_message":"org.openqa.selenium.WebDriverException: Timed out waiting for driver server to stop.\nBuild info: version: '4.23.0', revision: '4df0a231af'\nSystem info: os.name: 'Linux', os.arch: 'amd64', os.version: '6.14.0-33-generic', java.version: '21.0.8'\nDriver info: org.openqa.selenium.chrome.ChromeDriver\nCommand: [0c7ac9264984f6c69fd45d440ca28dc0, quit {}]\nCapabilities {acceptInsecureCerts: false, browserName: chrome, browserVersion: 141.0.7390.65, chrome: {chromedriverVersion: 141.0.7390.122 (b477534e7e1..., userDataDir: /tmp/.org.chromium.Chromium...}, fedcm:accounts: true, goog:chromeOptions: {debuggerAddress: localhost:41669}, networkConnectionEnabled: false, pageLoadStrategy: normal, platformName: linux, proxy: Proxy(), se:cdp: ws://localhost:41669/devtoo..., se:cdpVersion: 141.0.7390.65, setWindowRect: true, strictFileInteractability: false, timeouts: {implicit: 0, pageLoad: 300000, script: 30000}, unhandledPromptBehavior: dismiss and notify, webauthn:extension:credBlob: true, webauthn:extension:largeBlob: true, webauthn:extension:minPinLength: true, webauthn:extension:prf: true, webauthn:virtualAuthenticators: true}\nSession ID: 0c7ac9264984f6c69fd45d440ca28dc0\n\tat org.openqa.selenium.remote.service.DriverCommandExecutor.execute(DriverCommandExecutor.java:164)\n\tat org.openqa.selenium.remote.RemoteWebDriver.execute(RemoteWebDriver.java:527)\n\tat org.openqa.selenium.remote.RemoteWebDriver.execute(RemoteWebDriver.java:600)\n\tat org.openqa.selenium.remote.RemoteWebDriver.execute(RemoteWebDriver.java:604)\n\tat org.openqa.selenium.remote.RemoteWebDriver.quit(RemoteWebDriver.java:435)\n\tat org.openqa.selenium.chromium.ChromiumDriver.quit(ChromiumDriver.java:435)\n\tat stepDefinitions.Hooks.tearDown(Hooks.java:35)\nCaused by: java.util.concurrent.ExecutionException: java.lang.NullPointerException: Cannot invoke \"java.net.http.HttpClient.sendAsync(java.net.http.HttpRequest, java.net.http.HttpResponse$BodyHandler)\" because \"this.client\" is null\n\tat java.base/java.util.concurrent.CompletableFuture.reportGet(CompletableFuture.java:396)\n\tat java.base/java.util.concurrent.CompletableFuture.get(CompletableFuture.java:2096)\n\tat org.openqa.selenium.remote.service.DriverCommandExecutor.execute(DriverCommandExecutor.java:160)\n\tat org.openqa.selenium.remote.RemoteWebDriver.execute(RemoteWebDriver.java:527)\n\tat org.openqa.selenium.remote.RemoteWebDriver.execute(RemoteWebDriver.java:600)\n\tat org.openqa.selenium.remote.RemoteWebDriver.execute(RemoteWebDriver.java:604)\n\tat org.openqa.selenium.remote.RemoteWebDriver.quit(RemoteWebDriver.java:435)\n\tat org.openqa.selenium.chromium.ChromiumDriver.quit(ChromiumDriver.java:435)\n\tat stepDefinitions.Hooks.tearDown(Hooks.java:35)\n\tat java.base/jdk.internal.reflect.DirectMethodHandleAccessor.invoke(DirectMethodHandleAccessor.java:103)\n\tat java.base/java.lang.reflect.Method.invoke(Method.java:580)\n\tat io.cucumber.java.Invoker.doInvoke(Invoker.java:66)\n\tat io.cucumber.java.Invoker.invoke(Invoker.java:24)\n\tat io.cucumber.java.AbstractGlueDefinition.invokeMethod(AbstractGlueDefinition.java:47)\n\tat io.cucumber.java.JavaHookDefinition.execute(JavaHookDefinition.java:64)\n\tat io.cucumber.core.runner.CoreHookDefinition.execute(CoreHookDefinition.java:46)\n\tat io.cucumber.core.runner.HookDefinitionMatch.runStep(HookDefinitionMatch.java:21)\n\tat io.cucumber.core.runner.ExecutionMode$1.execute(ExecutionMode.java:10)\n\tat io.cucumber.core.runner.TestStep.executeStep(TestStep.java:84)\n\tat io.cucumber.core.runner.TestStep.run(TestStep.java:56)\n\tat io.cucumber.core.runner.TestCase.run(TestCase.java:90)\n\tat io.cucumber.core.runner.Runner.runPickle(Runner.java:75)\n\tat io.cucumber.testng.TestNGCucumberRunner.lambda$runScenario$1(TestNGCucumberRunner.java:132)\n\tat io.cucumber.core.runtime.CucumberExecutionContext.lambda$runTestCase$5(CucumberExecutionContext.java:137)\n\tat io.cucumber.core.runtime.RethrowingThrowableCollector.executeAndThrow(RethrowingThrowableCollector.java:23)\n\tat io.cucumber.core.runtime.CucumberExecutionContext.runTestCase(CucumberExecutionContext.java:137)\n\tat io.cucumber.testng.TestNGCucumberRunner.runScenario(TestNGCucumberRunner.java:129)\n\tat io.cucumber.testng.AbstractTestNGCucumberTests.runScenario(AbstractTestNGCucumberTests.java:35)\n\tat java.base/jdk.internal.reflect.DirectMethodHandleAccessor.invoke(DirectMethodHandleAccessor.java:103)\n\tat java.base/java.lang.reflect.Method.invoke(Method.java:580)\n\tat org.testng.internal.invokers.MethodInvocationHelper.invokeMethod(MethodInvocationHelper.java:139)\n\tat org.testng.internal.invokers.TestInvoker.invokeMethod(TestInvoker.java:664)\n\tat org.testng.internal.invokers.TestInvoker.invokeTestMethod(TestInvoker.java:227)\n\tat org.testng.internal.invokers.TestMethodWithDataProviderMethodWorker.call(TestMethodWithDataProviderMethodWorker.java:80)\n\tat org.testng.internal.invokers.TestMethodWithDataProviderMethodWorker.call(TestMethodWithDataProviderMethodWorker.java:17)\n\tat java.base/java.util.concurrent.FutureTask.run(FutureTask.java:317)\n\tat java.base/java.util.concurrent.Executors$RunnableAdapter.call(Executors.java:572)\n\tat java.base/java.util.concurrent.FutureTask.run(FutureTask.java:317)\n\tat java.base/java.util.concurrent.ThreadPoolExecutor.runWorker(ThreadPoolExecutor.java:1144)\n\tat java.base/java.util.concurrent.ThreadPoolExecutor$Worker.run(ThreadPoolExecutor.java:642)\n\tat java.base/java.lang.Thread.run(Thread.java:1583)\nCaused by: java.lang.NullPointerException: Cannot invoke \"java.net.http.HttpClient.sendAsync(java.net.http.HttpRequest, java.net.http.HttpResponse$BodyHandler)\" because \"this.client\" is null\n\tat org.openqa.selenium.remote.http.jdk.JdkHttpClient.execute0(JdkHttpClient.java:379)\n\tat org.openqa.selenium.remote.http.AddSeleniumUserAgent.lambda$apply$0(AddSeleniumUserAgent.java:42)\n\tat org.openqa.selenium.remote.http.Filter.lambda$andFinally$1(Filter.java:55)\n\tat org.openqa.selenium.remote.http.jdk.JdkHttpClient.execute(JdkHttpClient.java:355)\n\tat org.openqa.selenium.remote.HttpCommandExecutor.execute(HttpCommandExecutor.java:187)\n\tat org.openqa.selenium.remote.service.DriverCommandExecutor.invokeExecute(DriverCommandExecutor.java:216)\n\tat org.openqa.selenium.remote.service.DriverCommandExecutor.lambda$execute$1(DriverCommandExecutor.java:126)\n\tat java.base/java.util.concurrent.CompletableFuture$AsyncSupply.run(CompletableFuture.java:1768)\n\t... 3 more\n","duration":148417721,"status":"failed"},"match":{"location":"stepDefinitions.Hooks.tearDown(io.cucumber.java.Scenario)"}}],"type":"scenario","keyword":"Scenario","steps":[{"result":{"status":"undefined"},"line":70,"name":"I am logged in to Amazon.in","match":{},"keyword":"Given "},{"result":{"duration":115092,"status":"skipped"},"line":71,"name":"I attempt to add a new delivery address with missing postal code","match":{},"keyword":"When "},{"result":{"duration":86366,"status":"skipped"},"line":72,"name":"I should see an error message indicating required fields are missing","match":{},"keyword":"Then "}],"tags":[{"name":"@amazon"},{"name":"@negative"},{"name":"@login"}]},{"start_timestamp":"2025-11-16T18:48:13.677Z","before":[{"result":{"duration":15485516637,"status":"passed"},"match":{"location":"stepDefinitions.Hooks.setUp()"}}],"line":75,"name":"Fail to add invalid payment option","description":"","id":"amazon-shopping-workflows;fail-to-add-invalid-payment-option","after":[{"result":{"duration":166981629,"status":"passed"},"match":{"location":"stepDefinitions.Hooks.tearDown(io.cucumber.java.Scenario)"}}],"type":"scenario","keyword":"Scenario","steps":[{"result":{"status":"undefined"},"line":76,"name":"I am logged in to Amazon.in","match":{},"keyword":"Given "},{"result":{"duration":74213,"status":"skipped"},"line":77,"name":"I add a new payment option with an expired card","match":{},"keyword":"When "},{"result":{"duration":68401,"status":"skipped"},"line":78,"name":"I should see an error message \"Card expired\" and the option should not be added","match":{},"keyword":"Then "}],"tags":[{"name":"@amazon"},{"name":"@negative"},{"name":"@login"}]},{"start_timestamp":"2025-11-16T18:48:28.612Z","before":[{"result":{"duration":2431423413,"status":"passed"},"match":{"location":"stepDefinitions.Hooks.setUp()"}}],"line":81,"name":"Verify empty cart","description":"","id":"amazon-shopping-workflows;verify-empty-cart","after":[{"embeddings":[{"data":"iVBORw0KGgoAAAANSUhEUgAABz4AAAQFCAIAAABPavntAAABKmlDQ1BfAAB4nJWQu0oDURCGP0NAFG3UwsJiwUYQNV6yIWCTiwbbRCHRarO5EEzWZbOirYWd76DY+ALiG1jZCIKVhY8ggjY2/rurbEBSOMOc+fj5OefMQGIWRTIFPcf3yqW8Ua3tG6OvjCjDsOy+y/CQ6/M58j4t8f8YazT7tvqbyvf0uK5siGfaEZ8GXI/4IuAT3/XFVwF7u+WC+Fa80B7g+gDbrhf4X8Sbve6xHf+biaazV1GvquYocaRs06XJChUO6WCJtkiTI0tGZ0E9zQYpcZFtZVZaKtRzrJPHlM+UJxOqJsVgnz+bvITsmUZ+iLWOB9dfMPURa4v3MH8Od91Yi3fsWp4VSklVotWC9xuYrMH0I4wf/C52yKzGn1kNdnCwWRat6dermN/DYkwCo6xetwAAEABJREFUeJzs2DEBAAAIwCAP+1fWGjsgBnt3AwAAAABAyQ4AAAAAADHqFgAAAAAgR90CAAAAAOSoWwAAAACAHHULAAAAAJCjbgEAAAAActQtAAAAAECOugUAAAAAyFG3AAAAAAA56hYAAAAAIEfdAgAAAADkqFsAAAAAgBx1CwAAAACQo24BAAAAAHLULQAAAABAjroFAAAAAMhRtwAAAAAAOeoWAAAAACBH3QIAAAAA5KhbAAAAAIAcdQsAAAAAkKNuAQAAAABy1C0AAAAAQI66BQAAAADIUbcAAAAAADnqFgAAAAAgR90CAAAAAOSoWwAAAACAHHULAAAAAJCjbgEAAAAActQtAAAAAECOugUAAAAAyFG3AAAAAAA56hYAAAAAIEfdAgAAAADkqFsAAAAAgBx1CwAAAACQo24BAAAAAHLULQAAAABAjroFAAAAAMhRtwAAAAAAOeoWAAAAACBH3QIAAAAA5KhbAAAAAIAcdQsAAAAAkKNuAQAAAABy1C0AAAAAQI66BQAAAADIUbcAAAAAADnqFgAAAAAgR90CAAAAAOSoWwAAAACAHHULAAAAAJCjbgEAAAAActQtAAAAAECOugUAAAAAyFG3AAAAAAA56hYAAAAAIEfdAgAAAADkqFsAAAAAgBx1CwAAAACQo24BAAAAAHLULQAAAABAjroFAAAAAMhRtwAAAAAAOeoWAAAAACBH3QIAAAAA5KhbAAAAAIAcdQsAAAAAkKNuAQAAAABy1C0AAAAAQI66BQAAAADIUbcAAAAAADnqFgAAAAAgR90CAAAAAOSoWwAAAACAHHULAAAAAJCjbgEAAAAActQtAAAAAECOugUAAAAAyFG3AAAAAAA56hYAAAAAIEfdAgAAAADkqFsAAAAAgBx1CwAAAACQo24BAAAAAHLULQAAAABAjroFAAAAAMhRtwAAAAAAOeoWAAAAACBH3QIAAAAA5KhbAAAAAIAcdQsAAAAAkKNuAQAAAABy1C0AAAAAQI66BQAAAADIUbcAAAAAADnqFgAAAAAgR90CAAAAAOSoWwAAAACAHHULAAAAAJCjbgEAAAAActQtAAAAAECOugUAAAAAyFG3AAAAAAA56hYAAAAAIEfdAgAAAADkqFsAAAAAgBx1CwAAAACQo24BAAAAAHLULQAAAABAjroFAAAAAMhRtwAAAAAAOeoWAAAAACBH3QIAAAAA5KhbAAAAAIAcdQsAAAAAkKNuAQAAAABy1C0AAAAAQI66BQAAAADIUbcAAAAAADnqFgAAAAAgR90CAAAAAOSoWwAAAACAHHULAAAAAJCjbgEAAAAActQtAAAAAECOugUAAAAAyFG3AAAAAAA56hYAAAAAIEfdAgAAAADkqFsAAAAAgBx1CwAAAACQo24BAAAAAHLULQAAAABAjroFAAAAAMhRtwAAAAAAOeoWAAAAACBH3QIAAAAA5KhbAAAAAIAcdQsAAAAAkKNuAQAAAABy1C0AAAAAQI66BQAAAADIUbcAAAAAADnqFgAAAAAgR90CAAAAAOSoWwAAAACAHHULAAAAAJCjbgEAAAAActQtAAAAAECOugUAAAAAyFG3AAAAAAA56hYAAAAAIEfdAgAAAADkqFsAAAAAgBx1CwAAAACQo24BAAAAAHLULQAAAABAjroFAAAAAMhRtwAAAAAAOeoWAAAAACBH3QIAAAAA5KhbAAAAAIAcdQsAAAAAkKNuAQAAAABy1C0AAAAAQI66BQAAAADIUbcAAAAAADnqFgAAAAAgR90CAAAAAOSoWwAAAACAHHULAAAAAJCjbgEAAAAActQtAAAAAECOugUAAAAAyFG3AAAAAAA56hYAAAAAIEfdAgAAAADkqFsAAAAAgBx1CwAAAACQo24BAAAAAHLULQAAAABAjroFAAAAAMhRtwAAAAAAOeoWAAAAACBH3QIAAAAA5KhbAAAAAIAcdQsAAAAAkKNuAQAAAABy1C0AAAAAQI66BQAAAADIUbcAAAAAADnqFgAAAAAgR90CAAAAAOSoWwAAAACAHHULAAAAAJCjbgEAAAAActQtAAAAAECOugUAAAAAyFG3AAAAAAA56hYAAAAAIEfdAgAAAADkqFsAAAAAgBx1CwAAAACQo24BAAAAAHLULQAAAABAjroFAAAAAMhRtwAAAAAAOeoWAAAAACBH3QIAAAAA5KhbAAAAAIAcdQsAAAAAkKNuAQAAAABy1C0AAAAAQI66BQAAAADIUbcAAAAAADnqFgAAAAAgR90CAAAAAOSoWwAAAACAHHULAAAAAJCjbgEAAAAActQtAAAAAECOugUAAAAAyFG3AAAAAAA56hYAAAAAIEfdAgAAAADkqFsAAAAAgBx1CwAAAACQo24BAAAAAHLULQAAAABAjroFAAAAAMhRtwAAAAAAOeoWAAAAACBH3QIAAAAA5KhbAAAAAIAcdQsAAAAAkKNuAQAAAABy1C0AAAAAQI66BQAAAADIUbcAAAAAADnqFgAAAAAgR90CAAAAAOSoWwAAAACAHHULAAAAAJCjbgEAAAAActQtAAAAAECOugUAAAAAyFG3AAAAAAA56hYAAAAAIEfdAgAAAADkqFsAAAAAgBx1CwAAAACQo24BAAAAAHLULQAAAABAjroFAAAAAMhRtwAAAAAAOeoWAAAAACBH3QIAAAAA5KhbAAAAAIAcdQsAAAAAkKNuAQAAAABy1C0AAAAAQI66BQAAAADIUbcAAAAAADnqFgAAAAAgR90CAAAAAOSoWwAAAACAHHULAAAAAJCjbgEAAAAActQtAAAAAECOugUAAAAAyFG3AAAAAAA56hYAAAAAIEfdAgAAAADkqFsAAAAAgBx1CwAAAACQo24BAAAAAHLULQAAAABAjroFAAAAAMhRtwAAAAAAOeoWAAAAACBH3QIAAAAA5KhbAAAAAIAcdQsAAAAAkKNuAQAAAABy1C0AAAAAQI66BQAAAADIUbcAAAAAADnqFgAAAAAgR90CAAAAAOSoWwAAAACAHHULAAAAAJCjbgEAAAAActQtAAAAAECOugUAAAAAyFG3AAAAAAA56hYAAAAAIEfdAgAAAADkqFsAAAAAgBx1CwAAAACQo24BAAAAAHLULQAAAABAjroFAAAAAMhRtwAAAAAAOeoWAAAAACBH3QIAAAAA5KhbAAAAAIAcdQsAAAAAkKNuAQAAAABy1C0AAAAAQI66BQAAAADIUbcAAAAAADnqFgAAAAAgR90CAAAAAOSoWwAAAACAHHULAAAAAJCjbgEAAAAActQtAAAAAECOugUAAAAAyFG3AAAAAAA56hYAAAAAIEfdAgAAAADkqFsAAAAAgBx1CwAAAACQo24BAAAAAHLULQAAAABAjroFAAAAAMhRtwAAAAAAOeoWAAAAACBH3QIAAAAA5KhbAAAAAIAcdQsAAAAAkKNuAQAAAABy1C0AAAAAQI66BQAAAADIUbcAAAAAADnqFgAAAAAgR90CAAAAAOSoWwAAAACAHHULAAAAAJCjbgEAAAAActQtAAAAAECOugUAAAAAyFG3AAAAAAA56hYAAAAAIEfdAgAAAADkqFsAAAAAgBx1CwAAAACQo24BAAAAAHLULQAAAABAjroFAAAAAMhRtwAAAAAAOeoWAAAAACBH3QIAAAAA5KhbAAAAAIAcdQsAAAAAkKNuAQAAAABy1C0AAAAAQI66BQAAAADIUbcAAAAAADnqFgAAAAAgR90CAAAAAOSoWwAAAACAHHULAAAAAJCjbgEAAAAActQtAAAAAECOugUAAAAAyFG3AAAAAAA56hYAAAAAIEfdAgAAAADkqFsAAAAAgBx1CwAAAACQo24BAAAAAHLULQAAAABAjroFAAAAAMhRtwAAAAAAOeoWAAAAACBH3QIAAAAA5KhbAAAAAIAcdQsAAAAAkKNuAQAAAABy1C0AAAAAQI66BQAAAADIUbcAAAAAADnqFgAAAAAgR90CAAAAAOSoWwAAAACAHHULAAAAAJCjbgEAAAAActQtAAAAAECOugUAAAAAyFG3AAAAAAA56hYAAAAAIEfdAgAAAADkqFsAAAAAgBx1CwAAAACQo24BAAAAAHLULQAAAABAjroFAAAAAMhRtwAAAAAAOeoWAAAAACBH3QIAAAAA5KhbAAAAAIAcdQsAAAAAkKNuAQAAAABy1C0AAAAAQI66BQAAAADIUbcAAAAAADnqFgAAAAAgR90CAAAAAOSoWwAAAACAHHULAAAAAJCjbgEAAAAActQtAAAAAECOugUAAAAAyFG3AAAAAAA56hYAAAAAIEfdAgAAAADkqFsAAAAAgBx1CwAAAACQo24BAAAAAHLULQAAAABAjroFAAAAAMhRtwAAAAAAOeoWAAAAACBH3QIAAAAA5KhbAAAAAIAcdQsAAAAAkKNuAQAAAABy1C0AAAAAQI66BQAAAADIUbcAAAAAADnqFgAAAAAgR90CAAAAAOSoWwAAAACAHHULAAAAAJCjbgEAAAAActQtAAAAAECOugUAAAAAyFG3AAAAAAA56hYAAAAAIEfdAgAAAADkqFsAAAAAgBx1CwAAAACQo24BAAAAAHLULQAAAABAjroFAAAAAMhRtwAAAAAAOeoWAAAAACBH3QIAAAAA5KhbAAAAAIAcdQsAAAAAkKNuAQAAAABy1C0AAAAAQI66BQAAAADIUbcAAAAAADnqFgAAAAAgR90CAAAAAOSoWwAAAACAHHULAAAAAJCjbgEAAAAActQtAAAAAECOugUAAAAAyFG3AAAAAAA56hYAAAAAIEfdAgAAAADkqFsAAAAAgBx1CwAAAACQo24BAAAAAHLULQAAAABAjroFAAAAAMhRtwAAAAAAOeoWAAAAACBH3QIAAAAA5KhbAAAAAIAcdQsAAAAAkKNuAQAAAABy1C0AAAAAQI66BQAAAADIUbcAAAAAADnqFgAAAAAgR90CAAAAAOSoWwAAAACAHHULAAAAAJCjbgEAAAAActQtAAAAAECOugUAAAAAyFG3AAAAAAA56hYAAAAAIEfdAgAAAADkqFsAAAAAgBx1CwAAAACQo24BAAAAAHLULQAAAABAjroFAAAAAMhRtwAAAAAAOeoWAAAAACBH3QIAAAAA5KhbAAAAAIAcdQsAAAAAkKNuAQAAAABy1C0AAAAAQI66BQAAAADIUbcAAAAAADnqFgAAAAAgR90CAAAAAOSoWwAAAACAHHULAAAAAJCjbgEAAAAActQtAAAAAECOugUAAAAAyFG3AAAAAAA56hYAAAAAIEfdAgAAAADkqFsAAAAAgBx1CwAAAACQo24BAAAAAHLULQAAAABAjroFAAAAAMhRtwAAAAAAOeoWAAAAACBH3QIAAAAA5KhbAAAAAIAcdQsAAAAAkKNuAQAAAABy1C0AAAAAQI66BQAAAADIUbcAAAAAADnqFgAAAAAgR90CAAAAAOSoWwAAAACAHHULAAAAAJCjbgEAAKjfE7sAAA7PSURBVAAActQtAAAAAECOugUAAAAAyFG3AAAAAAA56hYAAAAAIEfdAgAAAADkqFsAAAAAgBx1CwAAAACQo24BAAAAAHLULQAAAABAjroFAAAAAMhRtwAAAAAAOeoWAAAAACBH3QIAAAAA5KhbAAAAAIAcdQsAAAAAkKNuAQAAAABy1C0AAAAAQI66BQAAAADIUbcAAAAAADnqFgAAAAAgR90CAAAAAOSoWwAAAACAHHULAAAAAJCjbgEAAAAActQtAAAAAECOugUAAAAAyFG3AAAAAAA56hYAAAAAIEfdAgAAAADkqFsAAAAAgBx1CwAAAACQo24BAAAAAHLULQAAAABAjroFAAAAAMhRtwAAAAAAOeoWAAAAACBH3QIAAAAA5KhbAAAAAIAcdQsAAAAAkKNuAQAAAABy1C0AAAAAQI66BQAAAADIUbcAAAAAADnqFgAAAAAgR90CAAAAAOSoWwAAAACAHHULAAAAAJCjbgEAAAAActQtAAAAAECOugUAAAAAyFG3AAAAAAA56hYAAAAAIEfdAgAAAADkqFsAAAAAgBx1CwAAAACQo24BAAAAAHLULQAAAABAjroFAAAAAMhRtwAAAAAAOeoWAAAAACBH3QIAAAAA5KhbAAAAAIAcdQsAAAAAkKNuAQAAAABy1C0AAAAAQI66BQAAAADIUbcAAAAAADnqFgAAAAAgR90CAAAAAOSoWwAAAACAHHULAAAAAJCjbgEAAAAActQtAAAAAECOugUAAAAAyFG3AAAAAAA56hYAAAAAIEfdAgAAAADkqFsAAAAAgBx1CwAAAACQo24BAAAAAHLULQAAAABAjroFAAAAAMhRtwAAAAAAOeoWAAAAACBH3QIAAAAA5KhbAAAAAIAcdQsAAAAAkKNuAQAAAABy1C0AAAAAQI66BQAAAADIUbcAAAAAADnqFgAAAAAgR90CAAAAAOSoWwAAAACAHHULAAAAAJCjbgEAAAAActQtAAAAAECOugUAAAAAyFG3AAAAAAA56hYAAAAAIEfdAgAAAADkqFsAAAAAgBx1CwAAAACQo24BAAAAAHLULQAAAABAjroFAAAAAMhRtwAAAAAAOeoWAAAAACBH3QIAAAAA5KhbAAAAAIAcdQsAAAAAkKNuAQAAAABy1C0AAAAAQI66BQAAAADIUbcAAAAAADnqFgAAAAAgR90CAAAAAOSoWwAAAACAHHULAAAAAJCjbgEAAAAActQtAAAAAECOugUAAAAAyFG3AAAAAAA56hYAAAAAIEfdAgAAAADkqFsAAAAAgBx1CwAAAACQo24BAAAAAHLULQAAAABAjroFAAAAAMhRtwAAAAAAOeoWAAAAACBH3QIAAAAA5KhbAAAAAIAcdQsAAAAAkKNuAQAAAABy1C0AAAAAQI66BQAAAADIUbcAAAAAADnqFgAAAAAgR90CAAAAAOSoWwAAAACAHHULAAAAAJCjbgEAAAAActQtAAAAAECOugUAAAAAyFG3AAAAAAA56hYAAAAAIEfdAgAAAADkqFsAAAAAgBx1CwAAAACQo24BAAAAAHLULQAAAABAjroFAAAAAMhRtwAAAAAAOeoWAAAAACBH3QIAAAAA5KhbAAAAAIAcdQsAAAAAkKNuAQAAAABy1C0AAAAAQI66BQAAAADIUbcAAAAAADnqFgAAAAAgR90CAAAAAOSoWwAAAACAHHULAAAAAJCjbgEAAAAActQtAAAAAECOugUAAAAAyFG3AAAAAAA56hYAAAAAIEfdAgAAAADkqFsAAAAAgBx1CwAAAACQo24BAAAAAHLULQAAAABAjroFAAAAAMhRtwAAAAAAOeoWAAAAACBH3QIAAAAA5KhbAAAAAIAcdQsAAAAAkKNuAQAAAABy1C0AAAAAQI66BQAAAADIUbcAAAAAADnqFgAAAAAgR90CAAAAAOSoWwAAAACAHHULAAAAAJCjbgEAAAAActQtAAAAAECOugUAAAAAyFG3AAAAAAA56hYAAAAAIEfdAgAAAADkqFsAAAAAgBx1CwAAAACQo24BAAAAAHLULQAAAABAjroFAAAAAMhRtwAAAAAAOeoWAAAAACBH3QIAAAAA5KhbAAAAAIAcdQsAAAAAkKNuAQAAAABy1C0AAAAAQI66BQAAAADIUbcAAAAAADnqFgAAAAAgR90CAAAAAOSoWwAAAACAHHULAAAAAJCjbgEAAAAActQtAAAAAECOugUAAAAAyFG3AAAAAAA56hYAAAAAIEfdAgAAAADkqFsAAAAAgBx1CwAAAACQo24BAAAAAHLULQAAAABAjroFAAAAAMhRtwAAAAAAOeoWAAAAACBH3QIAAAAA5KhbAAAAAIAcdQsAAAAAkKNuAQAAAABy1C0AAAAAQI66BQAAAADIUbcAAAAAADnqFgAAAAAgR90CAAAAAOSoWwAAAACAHHULAAAAAJCjbgEAAAAActQtAAAAAECOugUAAAAAyFG3AAAAAAA56hYAAAAAIEfdAgAAAADkqFsAAAAAgBx1CwAAAACQo24BAAAAAHLULQAAAABAjroFAAAAAMhRtwAAAAAAOeoWAAAAACBH3QIAAAAA5KhbAAAAAIAcdQsAAAAAkKNuAQAAAABy1C0AAAAAQI66BQAAAADIUbcAAAAAADnqFgAAAAAgR90CAAAAAOSoWwAAAACAHHULAAAAAJCjbgEAAAAActQtAAAAAECOugUAAAAAyFG3AAAAAAA56hYAAAAAIEfdAgAAAADkqFsAAAAAgBx1CwAAAACQo24BAAAAAHLULQAAAABAjroFAAAAAMhRtwAAAAAAOeoWAAAAACBH3QIAAAAA5KhbAAAAAIAcdQsAAAAAkKNuAQAAAABy1C0AAAAAQI66BQAAAADIUbcAAAAAADnqFgAAAAAgR90CAAAAAOSoWwAAAACAHHULAAAAAJCjbgEAAAAActQtAAAAAECOugUAAAAAyFG3AAAAAAA56hYAAAAAIEfdAgAAAADkqFsAAAAAgBx1CwAAAACQo24BAAAAAHLULQAAAABAjroFAAAAAMhRtwAAAAAAOeoWAAAAACBH3QIAAAAA5KhbAAAAAIAcdQsAAAAAkKNuAQAAAABy1C0AAAAAQI66BQAAAADIUbcAAAAAADnqFgAAAAAgR90CAAAAAOSoWwAAAACAHHULAAAAAJCjbgEAAAAActQtAAAAAECOugUAAAAAyFG3AAAAAAA56hYAAAAAIEfdAgAAAADkqFsAAAAAgBx1CwAAAACQo24BAAAAAHLULQAAAABAjroFAAAAAMhRtwAAAAAAOeoWAAAAACBH3QIAAAAA5KhbAAAAAIAcdQsAAAAAkKNuAQAAAABy1C0AAAAAQI66BQAAAADIUbcAAAAAMFCjbgEAAAAActQtAAAAAECOugUAAAAAyFG3AAAAAAA56hYAAAAAIEfdAgAAAADkqFsAAAAAgBx1CwAAAACQo24BAAAAAHLULQAAAABAjroFAAAAAMhRtwAAAAAAOeoWAAAAACBH3QIAAAAA5KhbAAAAAIAcdQsAAAAAkKNuAQAAAABy1C0AAAAAQI66BQAAAADIUbcAAAAAADnqFgAAAAAgR90CAAAAAOSoWwAAAACAHHULAAAAAJCjbgEAAAAActQtAAAAAECOugUAAAAAyFG3AAAAAAA56hYAAAAAIEfdAgAAAADkqFsAAAAAgBx1CwAAAACQo24BAAAAAHLULQAAAABAjroFAAAAAMhRtwAAAAAAOeoWAAAAACBH3QIAAAAA5KhbAAAAAIAcdQsAAAAAkKNuAQAAAABy1C0AAAAAQI66BQAAAADIUbcAAAAAADnqFgAAAAAgR90CAAAAAOSoWwAAAACAHHULAAAAAJCjbgEAAAAActQtAAAAAECOugUAAAAAyFG3AAAAAAA56hYAAAAAIEfdAgAAAADkqFsAAAAAgBx1CwAAAACQo24BAAAAAHLULQAAAABAjroFAAAAAMhRtwAAAAAAOeoWAAAAACBH3QIAAAAA5KhbAAAAAIAcdQsAAAAAkKNuAQAAAABy1C0AAAAAQI66BQAAAADIUbcAAAAAADnqFgAAAAAgR90CAAAAAOSoWwAAAACAHHULAAAAAJCjbgEAAAAActQtAAAAAECOugUAAAAAyFG3AAAAAAA56hYAAAAAIEfdAgAAAADkqFsAAAAAgBx1CwAAAACQo24BAAAAAHLULQAAAABAjroFAAAAAMhRtwAAAAAAOeoWAAAAACBH3QIAAAAA5KhbAAAAAIAcdfvs2LEAAAAAwCB/62nsKIwAAAAAAHbULQAAAADAjroFAAAAANhRtwAAAAAAO+oWAAAAAGBH3QIAAAAA7KhbAAAAAIAddQsAAAAAsKNuAQAAAAB21C0AAAAAwI66BQAAAADYUbcAAAAAADvqFgAAAABgR90CAAAAAOyoWwAAAACAHXULAAAAALCjbgEAAAAAdtQtAAAAAMCOugUAAAAA2FG3AAAAAAA76hYAAAAAYEfdAgAAAADsqFsAAAAAgB11CwAAAACwo24BAAAAAHbULQAAAADAjroFAAAAANhRtwAAAAAAO+oWAAAAAGBH3QIAAAAA7KhbAAAAAIAddQsAAAAAsKNuAQAAAAB21C0AAAAAwI66BQAAAADYUbcAAAAAADvqFgAAAABgR90CAAAAAOyoWwAAAACAHXULAAAAALCjbgEAAAAAdtQtAAAAAMCOugUAAAAA2FG3AAAAAAA76hYAAAAAYEfdAgAAAADsqFsAAAAAgB11CwAAAACwo24BAAAAAHbULQAAAADAjroFAAAAANhRtwAAAAAAO+oWAAAAAGBH3QIAAAAA7KhbAAAAAIAddQsAAAAAsKNuAQAAAAB21C0AAAAAwI66BQAAAADYUbcAAAAAADvqFgAAAABgR90CAAAAAOyoWwAAAACAHXULAAAAALCjbgEAAAAAdtQtAAAAAMCOugUAAAAA2FG3AAAAAAA76hYAAAAAYEfdAgAAAADsqFsAAAAAgB11CwAAAACwo24BAAAAAHbULQAAAADAjroFAAAAANhRtwAAAAAAOwEAAP//xq/fsQAAAAZJREFUAwAgKxMSsB5diwAAAABJRU5ErkJggg==","mime_type":"image/png","name":"Failure Screenshot"}],"result":{"duration":218943340,"status":"passed"},"match":{"location":"stepDefinitions.Hooks.tearDown(io.cucumber.java.Scenario)"}}],"type":"scenario","keyword":"Scenario","steps":[{"result":{"error_message":"org.openqa.selenium.NoSuchSessionException: invalid session id: session deleted as the browser has closed the connection\nfrom disconnected: not connected to DevTools\n  (Session info: chrome=141.0.7390.65)\nBuild info: version: '4.23.0', revision: '4df0a231af'\nSystem info: os.name: 'Linux', os.arch: 'amd64', os.version: '6.14.0-33-generic', java.version: '21.0.8'\nDriver info: org.openqa.selenium.chrome.ChromeDriver\nCommand: [a80f321cb68a7b25cbaef7a9ca3ba2ae, get {url=https://www.amazon.in/}]\nCapabilities {acceptInsecureCerts: false, browserName: chrome, browserVersion: 141.0.7390.65, chrome: {chromedriverVersion: 141.0.7390.122 (b477534e7e1..., userDataDir: /tmp/.org.chromium.Chromium...}, fedcm:accounts: true, goog:chromeOptions: {debuggerAddress: localhost:46243}, networkConnectionEnabled: false, pageLoadStrategy: normal, platformName: linux, proxy: Proxy(), se:cdp: ws://localhost:46243/devtoo..., se:cdpVersion: 141.0.7390.65, setWindowRect: true, strictFileInteractability: false, timeouts: {implicit: 0, pageLoad: 300000, script: 30000}, unhandledPromptBehavior: dismiss and notify, webauthn:extension:credBlob: true, webauthn:extension:largeBlob: true, webauthn:extension:minPinLength: true, webauthn:extension:prf: true, webauthn:virtualAuthenticators: true}\nSession ID: a80f321cb68a7b25cbaef7a9ca3ba2ae\n\tat java.base/jdk.internal.reflect.DirectConstructorHandleAccessor.newInstance(DirectConstructorHandleAccessor.java:62)\n\tat java.base/java.lang.reflect.Constructor.newInstanceWithCaller(Constructor.java:502)\n\tat java.base/java.lang.reflect.Constructor.newInstance(Constructor.java:486)\n\tat org.openqa.selenium.remote.ErrorCodec.decode(ErrorCodec.java:167)\n\tat org.openqa.selenium.remote.codec.w3c.W3CHttpResponseCodec.decode(W3CHttpResponseCodec.java:138)\n\tat org.openqa.selenium.remote.codec.w3c.W3CHttpResponseCodec.decode(W3CHttpResponseCodec.java:50)\n\tat org.openqa.selenium.remote.HttpCommandExecutor.execute(HttpCommandExecutor.java:190)\n\tat org.openqa.selenium.remote.service.DriverCommandExecutor.invokeExecute(DriverCommandExecutor.java:216)\n\tat org.openqa.selenium.remote.service.DriverCommandExecutor.execute(DriverCommandExecutor.java:174)\n\tat org.openqa.selenium.remote.RemoteWebDriver.execute(RemoteWebDriver.java:527)\n\tat org.openqa.selenium.remote.RemoteWebDriver.get(RemoteWebDriver.java:302)\n\tat stepDefinitions.AmazonSteps.i_open_amazon_in(AmazonSteps.java:19)\n\tat ✽.I open Amazon.in(file:///home/vrsp/Downloads/BDD_Amazon_Project/src/test/resources/features/amazon_tests.feature:82)\n","duration":33414778287,"status":"failed"},"line":82,"name":"I open Amazon.in","match":{"location":"stepDefinitions.AmazonSteps.i_open_amazon_in()"},"keyword":"Given "},{"result":{"duration":105253,"status":"skipped"},"line":83,"name":"I navigate to the cart without adding any items","match":{},"keyword":"When "},{"result":{"duration":49615,"status":"skipped"},"line":84,"name":"the cart should display \"Your cart is empty\"","match":{},"keyword":"Then "}],"tags":[{"name":"@amazon"},{"name":"@edgecase"},{"name":"@nologin"}]},{"start_timestamp":"2025-11-16T18:48:28.608Z","before":[{"result":{"duration":2048051725,"status":"passed"},"match":{"location":"stepDefinitions.Hooks.setUp()"}}],"line":87,"name":"Past one year orders with none available","description":"","id":"amazon-shopping-workflows;past-one-year-orders-with-none-available","after":[{"result":{"duration":133622904,"status":"passed"},"match":{"location":"stepDefinitions.Hooks.tearDown(io.cucumber.java.Scenario)"}}],"type":"scenario","keyword":"Scenario","steps":[{"result":{"status":"undefined"},"line":88,"name":"I am logged in to Amazon.in","match":{},"keyword":"Given "},{"result":{"duration":182001,"status":"skipped"},"line":89,"name":"I go to \"Your Orders\"","match":{},"keyword":"When "},{"result":{"duration":105914,"status":"skipped"},"line":90,"name":"I filter by \"Past one year\"","match":{},"keyword":"And "},{"result":{"duration":74924,"status":"skipped"},"line":91,"name":"I should see a message \"No orders found in this period\"","match":{},"keyword":"Then "}],"tags":[{"name":"@amazon"},{"name":"@edgecase"},{"name":"@login"}]},{"start_timestamp":"2025-11-16T18:48:28.619Z","before":[{"result":{"duration":2096466641,"status":"passed"},"match":{"location":"stepDefinitions.Hooks.setUp()"}}],"line":94,"name":"Scroll beyond available items","description":"","id":"amazon-shopping-workflows;scroll-beyond-available-items","after":[{"result":{"error_message":"org.openqa.selenium.NoSuchSessionException: Session ID is null. Using WebDriver after calling quit()?\nBuild info: version: '4.23.0', revision: '4df0a231af'\nSystem info: os.name: 'Linux', os.arch: 'amd64', os.version: '6.14.0-33-generic', java.version: '21.0.8'\nDriver info: org.openqa.selenium.chrome.ChromeDriver\nCommand: [null, screenshot {}]\nCapabilities {acceptInsecureCerts: false, browserName: chrome, browserVersion: 141.0.7390.65, chrome: {chromedriverVersion: 141.0.7390.122 (b477534e7e1..., userDataDir: /tmp/.org.chromium.Chromium...}, fedcm:accounts: true, goog:chromeOptions: {debuggerAddress: localhost:35843}, networkConnectionEnabled: false, pageLoadStrategy: normal, platformName: linux, proxy: Proxy(), se:cdp: ws://localhost:35843/devtoo..., se:cdpVersion: 141.0.7390.65, setWindowRect: true, strictFileInteractability: false, timeouts: {implicit: 0, pageLoad: 300000, script: 30000}, unhandledPromptBehavior: dismiss and notify, webauthn:extension:credBlob: true, webauthn:extension:largeBlob: true, webauthn:extension:minPinLength: true, webauthn:extension:prf: true, webauthn:virtualAuthenticators: true}\n\tat org.openqa.selenium.remote.HttpCommandExecutor.execute(HttpCommandExecutor.java:151)\n\tat org.openqa.selenium.remote.service.DriverCommandExecutor.invokeExecute(DriverCommandExecutor.java:216)\n\tat org.openqa.selenium.remote.service.DriverCommandExecutor.execute(DriverCommandExecutor.java:174)\n\tat org.openqa.selenium.remote.RemoteWebDriver.execute(RemoteWebDriver.java:527)\n\tat org.openqa.selenium.remote.RemoteWebDriver.execute(RemoteWebDriver.java:600)\n\tat org.openqa.selenium.remote.RemoteWebDriver.execute(RemoteWebDriver.java:604)\n\tat org.openqa.selenium.remote.RemoteWebDriver.getScreenshotAs(RemoteWebDriver.java:323)\n\tat stepDefinitions.Hooks.tearDown(Hooks.java:28)\n","duration":659460,"status":"failed"},"match":{"location":"stepDefinitions.Hooks.tearDown(io.cucumber.java.Scenario)"}}],"type":"scenario","keyword":"Scenario","steps":[{"result":{"error_message":"org.openqa.selenium.NoSuchSessionException: invalid session id: session deleted as the browser has closed the connection\nfrom disconnected: not connected to DevTools\n  (Session info: chrome=141.0.7390.65)\nBuild info: version: '4.23.0', revision: '4df0a231af'\nSystem info: os.name: 'Linux', os.arch: 'amd64', os.version: '6.14.0-33-generic', java.version: '21.0.8'\nDriver info: org.openqa.selenium.chrome.ChromeDriver\nCommand: [4cbdcd57e5166bc963a914fbe0a9ac01, get {url=https://www.amazon.in/}]\nCapabilities {acceptInsecureCerts: false, browserName: chrome, browserVersion: 141.0.7390.65, chrome: {chromedriverVersion: 141.0.7390.122 (b477534e7e1..., userDataDir: /tmp/.org.chromium.Chromium...}, fedcm:accounts: true, goog:chromeOptions: {debuggerAddress: localhost:39349}, networkConnectionEnabled: false, pageLoadStrategy: normal, platformName: linux, proxy: Proxy(), se:cdp: ws://localhost:39349/devtoo..., se:cdpVersion: 141.0.7390.65, setWindowRect: true, strictFileInteractability: false, timeouts: {implicit: 0, pageLoad: 300000, script: 30000}, unhandledPromptBehavior: dismiss and notify, webauthn:extension:credBlob: true, webauthn:extension:largeBlob: true, webauthn:extension:minPinLength: true, webauthn:extension:prf: true, webauthn:virtualAuthenticators: true}\nSession ID: 4cbdcd57e5166bc963a914fbe0a9ac01\n\tat java.base/jdk.internal.reflect.DirectConstructorHandleAccessor.newInstance(DirectConstructorHandleAccessor.java:62)\n\tat java.base/java.lang.reflect.Constructor.newInstanceWithCaller(Constructor.java:502)\n\tat java.base/java.lang.reflect.Constructor.newInstance(Constructor.java:486)\n\tat org.openqa.selenium.remote.ErrorCodec.decode(ErrorCodec.java:167)\n\tat org.openqa.selenium.remote.codec.w3c.W3CHttpResponseCodec.decode(W3CHttpResponseCodec.java:138)\n\tat org.openqa.selenium.remote.codec.w3c.W3CHttpResponseCodec.decode(W3CHttpResponseCodec.java:50)\n\tat org.openqa.selenium.remote.HttpCommandExecutor.execute(HttpCommandExecutor.java:190)\n\tat org.openqa.selenium.remote.service.DriverCommandExecutor.invokeExecute(DriverCommandExecutor.java:216)\n\tat org.openqa.selenium.remote.service.DriverCommandExecutor.execute(DriverCommandExecutor.java:174)\n\tat org.openqa.selenium.remote.RemoteWebDriver.execute(RemoteWebDriver.java:527)\n\tat org.openqa.selenium.remote.RemoteWebDriver.get(RemoteWebDriver.java:302)\n\tat stepDefinitions.AmazonSteps.i_open_amazon_in(AmazonSteps.java:19)\n\tat ✽.I open Amazon.in(file:///home/vrsp/Downloads/BDD_Amazon_Project/src/test/resources/features/amazon_tests.feature:95)\n","duration":41066864579,"status":"failed"},"line":95,"name":"I open Amazon.in","match":{"location":"stepDefinitions.AmazonSteps.i_open_amazon_in()"},"keyword":"Given "},{"result":{"duration":100614,"status":"skipped"},"line":96,"name":"I search for \"Mobiles\"","match":{"arguments":[{"val":"\"Mobiles\"","offset":13}],"location":"stepDefinitions.AmazonSteps.i_search_for(java.lang.String)"},"keyword":"When "},{"result":{"duration":57851,"status":"skipped"},"line":97,"name":"I scroll down past the last displayed item","match":{},"keyword":"And "},{"result":{"duration":39566,"status":"skipped"},"line":98,"name":"I should see a message \"No more items to display\"","match":{},"keyword":"Then "}],"tags":[{"name":"@amazon"},{"name":"@edgecase"},{"name":"@nologin"}]}],"name":"Amazon Shopping Workflows","description":"  As an Amazon user\n  I want to validate shopping workflows\n  So that I can ensure reliability of core features","id":"amazon-shopping-workflows","keyword":"Feature","uri":"file:src/test/resources/features/amazon_tests.feature","tags":[{"name":"@amazon","type":"Tag","location":{"line":1,"column":1}}]}]